<?xml version="1.0" encoding="UTF-8"?>
<!-- Generated by org.testng.reporters.JUnitReportReporter -->
<testsuite hostname="DESKTOP-JJRCSR3" failures="0" tests="2" name="com.obsqura.test.AdminUsers" time="9.002" errors="0" timestamp="2023-11-10T23:47:54 IST" skipped="0">
  <testcase classname="com.obsqura.test.AdminUsers" name="verifyUserIsAbleToAddExistingAdminUser" time="3.382"/>
  <system-out/>
  <testcase classname="com.obsqura.test.AdminUsers" name="verifyUserIsAbleToAddNewAdminUser" time="5.620"/>
  <system-out/>
</testsuite> <!-- com.obsqura.test.AdminUsers -->
