<?xml version="1.0" encoding="UTF-8"?>
<!-- Generated by org.testng.reporters.JUnitReportReporter -->
<testsuite hostname="DESKTOP-JJRCSR3" failures="0" tests="1" name="com.obsqura.test.ManageContactTest" time="7.411" errors="0" timestamp="2023-11-13T12:04:21 IST" skipped="0">
  <testcase classname="com.obsqura.test.ManageContactTest" name="verifyUserIsAbleToUpdateContactUsPage" time="7.411"/>
  <system-out/>
</testsuite> <!-- com.obsqura.test.ManageContactTest -->
