<?xml version="1.0" encoding="UTF-8"?>
<!-- Generated by org.testng.reporters.JUnitReportReporter -->
<testsuite hostname="DESKTOP-JJRCSR3" failures="0" tests="4" name="com.obsqura.test.ManageExpenseTest" time="9.290" errors="0" timestamp="2023-11-17T19:48:34 IST" skipped="3">
  <testcase classname="com.obsqura.test.ManageExpenseTest" name="verifyUserIsAbleToCreateNewExpense" time="9.290"/>
  <system-out/>
  <testcase classname="com.obsqura.test.ManageExpenseTest" name="verifyUserIsAbleToDeleteExpense">
    <skipped/>
  </testcase> <!-- verifyUserIsAbleToDeleteExpense -->
  <system-out/>
  <testcase classname="com.obsqura.test.ManageExpenseTest" name="verifyUserIsAbleToEditExpense">
    <skipped/>
  </testcase> <!-- verifyUserIsAbleToEditExpense -->
  <system-out/>
  <testcase classname="com.obsqura.test.ManageExpenseTest" name="verifyUserIsAbleToGetResultNotFoundMessage">
    <skipped/>
  </testcase> <!-- verifyUserIsAbleToGetResultNotFoundMessage -->
  <system-out/>
</testsuite> <!-- com.obsqura.test.ManageExpenseTest -->
