<?xml version="1.0" encoding="UTF-8"?>
<!-- Generated by org.testng.reporters.JUnitReportReporter -->
<testsuite hostname="DESKTOP-JJRCSR3" failures="0" tests="4" name="com.obsqura.test.CreateDeleteEditExpenseTest" time="45.608" errors="0" timestamp="2023-11-06T19:46:23 IST" skipped="0">
  <testcase classname="com.obsqura.test.CreateDeleteEditExpenseTest" name="createExpense" time="10.073"/>
  <system-out/>
  <testcase classname="com.obsqura.test.CreateDeleteEditExpenseTest" name="editExpense" time="16.180"/>
  <system-out/>
  <testcase classname="com.obsqura.test.CreateDeleteEditExpenseTest" name="deleteExpense" time="11.495"/>
  <system-out/>
  <testcase classname="com.obsqura.test.CreateDeleteEditExpenseTest" name="invalidInputTest" time="7.860"/>
  <system-out/>
</testsuite> <!-- com.obsqura.test.CreateDeleteEditExpenseTest -->
