<?xml version="1.0" encoding="UTF-8"?>
<!-- Generated by org.testng.reporters.JUnitReportReporter -->
<testsuite hostname="DESKTOP-JJRCSR3" failures="0" tests="3" name="com.obsqura.test.AddAdminUserTest" time="9.148" errors="0" timestamp="2023-11-06T19:46:23 IST" skipped="1">
  <testcase classname="com.obsqura.test.AddAdminUserTest" name="addAdminUser" time="5.817"/>
  <system-out/>
  <testcase classname="com.obsqura.test.AddAdminUserTest" name="addExistingUser" time="3.331"/>
  <system-out/>
  <testcase classname="com.obsqura.test.AddAdminUserTest" name="searchExistingUser">
    <skipped/>
  </testcase> <!-- searchExistingUser -->
  <system-out/>
</testsuite> <!-- com.obsqura.test.AddAdminUserTest -->
