<?xml version="1.0" encoding="UTF-8"?>
<!-- Generated by org.testng.reporters.JUnitReportReporter -->
<testsuite hostname="DESKTOP-JJRCSR3" failures="0" tests="3" name="com.obsqura.test.LoginTest" time="4.356" errors="0" timestamp="2023-11-13T12:04:21 IST" skipped="0">
  <testcase classname="com.obsqura.test.LoginTest" name="verifyUserIsAbleToLoginWithIncorrectUserNameAndPassword" time="1.964"/>
  <system-out/>
  <testcase classname="com.obsqura.test.LoginTest" name="verifyUserIsAbleToLoginWithIncorrectUserNameAndPassword" time="0.565"/>
  <system-out/>
  <testcase classname="com.obsqura.test.LoginTest" name="verifyUserIsAbleToLoginWithCorrectUserNameAndPassword" time="1.827"/>
  <system-out/>
</testsuite> <!-- com.obsqura.test.LoginTest -->
