<?xml version="1.0" encoding="UTF-8"?>
<!-- Generated by org.testng.reporters.JUnitReportReporter -->
<testsuite hostname="DESKTOP-JJRCSR3" failures="0" tests="4" name="com.obsqura.test.ManageExpense" time="42.640" errors="0" timestamp="2023-11-11T22:33:01 IST" skipped="0">
  <testcase classname="com.obsqura.test.ManageExpense" name="verifyUserIsAbleToCreateNewExpense" time="10.523"/>
  <system-out/>
  <testcase classname="com.obsqura.test.ManageExpense" name="verifyUserIsAbleToEditExpense" time="14.214"/>
  <system-out/>
  <testcase classname="com.obsqura.test.ManageExpense" name="verifyUserIsAbleToDeleteExpense" time="9.840"/>
  <system-out/>
  <testcase classname="com.obsqura.test.ManageExpense" name="verifyUserIsAbleToGetResultNotFoundMessage" time="8.063"/>
  <system-out/>
</testsuite> <!-- com.obsqura.test.ManageExpense -->
